<?xml version="1.0" encoding="UTF-8"?>
<testsuite xmlns:xsi="http://www.w3.org/2001/XMLSchema-instance" xsi:noNamespaceSchemaLocation="https://maven.apache.org/surefire/maven-surefire-plugin/xsd/surefire-test-report-3.0.xsd" version="3.0" name="TestSuite" time="1.96" tests="144" errors="0" skipped="0" failures="0">
  <properties>
    <property name="sonar.projectName" value="&apos;Outside-In&apos;"/>
    <property name="java.specification.version" value="17"/>
    <property name="sun.cpu.isalist" value="amd64"/>
    <property name="sonar.host.url" value="http://localhost:9000"/>
    <property name="sun.jnu.encoding" value="Cp1252"/>
    <property name="java.class.path" value="C:\Users\mhann\Desktop\Master\Vorlesungen\CEX\tdd_outside_in\target\test-classes;C:\Users\mhann\Desktop\Master\Vorlesungen\CEX\tdd_outside_in\target\classes;C:\Users\mhann\.m2\repository\org\testng\testng\7.10.2\testng-7.10.2.jar;C:\Users\mhann\.m2\repository\org\slf4j\slf4j-api\1.7.36\slf4j-api-1.7.36.jar;C:\Users\mhann\.m2\repository\com\beust\jcommander\1.82\jcommander-1.82.jar;C:\Users\mhann\.m2\repository\org\webjars\jquery\3.7.1\jquery-3.7.1.jar;C:\Users\mhann\.m2\repository\org\sonarsource\scanner\maven\sonar-maven-plugin\4.0.0.4121\sonar-maven-plugin-4.0.0.4121.jar;C:\Users\mhann\.m2\repository\org\sonatype\plexus\plexus-sec-dispatcher\1.4\plexus-sec-dispatcher-1.4.jar;C:\Users\mhann\.m2\repository\org\codehaus\plexus\plexus-utils\1.5.5\plexus-utils-1.5.5.jar;C:\Users\mhann\.m2\repository\org\sonatype\plexus\plexus-cipher\1.4\plexus-cipher-1.4.jar;C:\Users\mhann\.m2\repository\org\sonarsource\scanner\api\sonar-scanner-api\2.16.3.1081\sonar-scanner-api-2.16.3.1081.jar;C:\Users\mhann\.m2\repository\commons-lang\commons-lang\2.6\commons-lang-2.6.jar;C:\Users\mhann\.m2\repository\org\mockito\mockito-core\5.12.0\mockito-core-5.12.0.jar;C:\Users\mhann\.m2\repository\net\bytebuddy\byte-buddy\1.14.15\byte-buddy-1.14.15.jar;C:\Users\mhann\.m2\repository\net\bytebuddy\byte-buddy-agent\1.14.15\byte-buddy-agent-1.14.15.jar;C:\Users\mhann\.m2\repository\org\objenesis\objenesis\3.3\objenesis-3.3.jar;"/>
    <property name="java.vm.vendor" value="Amazon.com Inc."/>
    <property name="sun.arch.data.model" value="64"/>
    <property name="user.variant" value=""/>
    <property name="java.vendor.url" value="https://aws.amazon.com/corretto/"/>
    <property name="user.timezone" value="Europe/Berlin"/>
    <property name="os.name" value="Windows 11"/>
    <property name="java.vm.specification.version" value="17"/>
    <property name="sun.java.launcher" value="SUN_STANDARD"/>
    <property name="user.country" value="DE"/>
    <property name="sun.boot.library.path" value="C:\Users\mhann\.jdks\corretto-17.0.12\bin"/>
    <property name="sun.java.command" value="C:\Users\mhann\AppData\Local\Temp\surefire2507514179247391546\surefirebooter-20240725105104042_3.jar C:\Users\mhann\AppData\Local\Temp\surefire2507514179247391546 2024-07-25T10-51-03_845-jvmRun1 surefire-20240725105104042_1tmp surefire_0-20240725105104042_2tmp"/>
    <property name="jdk.debug" value="release"/>
    <property name="surefire.test.class.path" value="C:\Users\mhann\Desktop\Master\Vorlesungen\CEX\tdd_outside_in\target\test-classes;C:\Users\mhann\Desktop\Master\Vorlesungen\CEX\tdd_outside_in\target\classes;C:\Users\mhann\.m2\repository\org\testng\testng\7.10.2\testng-7.10.2.jar;C:\Users\mhann\.m2\repository\org\slf4j\slf4j-api\1.7.36\slf4j-api-1.7.36.jar;C:\Users\mhann\.m2\repository\com\beust\jcommander\1.82\jcommander-1.82.jar;C:\Users\mhann\.m2\repository\org\webjars\jquery\3.7.1\jquery-3.7.1.jar;C:\Users\mhann\.m2\repository\org\sonarsource\scanner\maven\sonar-maven-plugin\4.0.0.4121\sonar-maven-plugin-4.0.0.4121.jar;C:\Users\mhann\.m2\repository\org\sonatype\plexus\plexus-sec-dispatcher\1.4\plexus-sec-dispatcher-1.4.jar;C:\Users\mhann\.m2\repository\org\codehaus\plexus\plexus-utils\1.5.5\plexus-utils-1.5.5.jar;C:\Users\mhann\.m2\repository\org\sonatype\plexus\plexus-cipher\1.4\plexus-cipher-1.4.jar;C:\Users\mhann\.m2\repository\org\sonarsource\scanner\api\sonar-scanner-api\2.16.3.1081\sonar-scanner-api-2.16.3.1081.jar;C:\Users\mhann\.m2\repository\commons-lang\commons-lang\2.6\commons-lang-2.6.jar;C:\Users\mhann\.m2\repository\org\mockito\mockito-core\5.12.0\mockito-core-5.12.0.jar;C:\Users\mhann\.m2\repository\net\bytebuddy\byte-buddy\1.14.15\byte-buddy-1.14.15.jar;C:\Users\mhann\.m2\repository\net\bytebuddy\byte-buddy-agent\1.14.15\byte-buddy-agent-1.14.15.jar;C:\Users\mhann\.m2\repository\org\objenesis\objenesis\3.3\objenesis-3.3.jar;"/>
    <property name="sun.cpu.endian" value="little"/>
    <property name="user.home" value="C:\Users\mhann"/>
    <property name="user.language" value="de"/>
    <property name="java.specification.vendor" value="Oracle Corporation"/>
    <property name="java.version.date" value="2024-07-16"/>
    <property name="java.home" value="C:\Users\mhann\.jdks\corretto-17.0.12"/>
    <property name="file.separator" value="\"/>
    <property name="basedir" value="C:\Users\mhann\Desktop\Master\Vorlesungen\CEX\tdd_outside_in"/>
    <property name="java.vm.compressedOopsMode" value="Zero based"/>
    <property name="line.separator" value="&#10;"/>
    <property name="java.vm.specification.vendor" value="Oracle Corporation"/>
    <property name="java.specification.name" value="Java Platform API Specification"/>
    <property name="surefire.real.class.path" value="C:\Users\mhann\AppData\Local\Temp\surefire2507514179247391546\surefirebooter-20240725105104042_3.jar"/>
    <property name="user.script" value=""/>
    <property name="sun.management.compiler" value="HotSpot 64-Bit Tiered Compilers"/>
    <property name="java.runtime.version" value="17.0.12+7-LTS"/>
    <property name="user.name" value="mhann"/>
    <property name="path.separator" value=";"/>
    <property name="os.version" value="10.0"/>
    <property name="java.runtime.name" value="OpenJDK Runtime Environment"/>
    <property name="file.encoding" value="Cp1252"/>
    <property name="java.vm.name" value="OpenJDK 64-Bit Server VM"/>
    <property name="java.vendor.version" value="Corretto-17.0.12.7.1"/>
    <property name="localRepository" value="C:\Users\mhann\.m2\repository"/>
    <property name="java.vendor.url.bug" value="https://github.com/corretto/corretto-17/issues/"/>
    <property name="java.io.tmpdir" value="C:\Users\mhann\AppData\Local\Temp\"/>
    <property name="idea.version" value="2024.1.2"/>
    <property name="sonar.token" value="sqp_537b475524c9cc20e00801997f5f0182f736ba71"/>
    <property name="java.version" value="17.0.12"/>
    <property name="user.dir" value="C:\Users\mhann\Desktop\Master\Vorlesungen\CEX\tdd_outside_in"/>
    <property name="os.arch" value="amd64"/>
    <property name="java.vm.specification.name" value="Java Virtual Machine Specification"/>
    <property name="sun.os.patch.level" value=""/>
    <property name="native.encoding" value="Cp1252"/>
    <property name="sonar.projectKey" value="Outside-In"/>
    <property name="java.library.path" value="C:\Users\mhann\.jdks\corretto-17.0.12\bin;C:\windows\Sun\Java\bin;C:\windows\system32;C:\windows;C:\Program Files\Eclipse Adoptium\jdk-17.0.11.9-hotspot\bin;C:\Program Files\Common Files\Oracle\Java\javapath;C:\Ruby30-x64\bin;C:\Ruby32-x64\bin;C:\Python312\Scripts\;C:\Python312\;C:\Program Files (x86)\Common Files\Oracle\Java\javapath;C:\windows\system32;C:\windows;C:\windows\System32\Wbem;C:\windows\System32\WindowsPowerShell\v1.0\;C:\windows\System32\OpenSSH\;C:\ProgramData\chocolatey\bin;C:\Program Files\Git\cmd;C:\Users\mhann\AppData\Roaming\nvm;C:\Program Files\nodejs;C:\Program Files\Docker\Docker\resources\bin;C:\apache-maven-3.9.8\bin;C:\Users\mhann\AppData\Local\Microsoft\WindowsApps;C:\Users\mhann\AppData\Local\JetBrains\Toolbox\scripts;C:\Users\mhann\AppData\Roaming\nvm;C:\Program Files\nodejs;."/>
    <property name="java.vm.info" value="mixed mode, sharing"/>
    <property name="java.vendor" value="Amazon.com Inc."/>
    <property name="java.vm.version" value="17.0.12+7-LTS"/>
    <property name="sun.io.unicode.encoding" value="UnicodeLittle"/>
    <property name="java.class.version" value="61.0"/>
  </properties>
  <testcase name="testEmptyAuthTokenThrowsException" classname="chatgpt.tests.PaymentMethodTest" time="0.004">
    <system-err><![CDATA[SLF4J: Failed to load class "org.slf4j.impl.StaticLoggerBinder".
SLF4J: Defaulting to no-operation (NOP) logger implementation
SLF4J: See http://www.slf4j.org/codes.html#StaticLoggerBinder for further details.
]]></system-err>
  </testcase>
  <testcase name="testEmptyCardHolderNameThrowsException" classname="chatgpt.tests.PaymentMethodTest" time="0.0"/>
  <testcase name="testEmptyCardNumberThrowsException" classname="chatgpt.tests.PaymentMethodTest" time="0.0"/>
  <testcase name="testEmptyCvvThrowsException" classname="chatgpt.tests.PaymentMethodTest" time="0.001"/>
  <testcase name="testEmptyEmailThrowsException" classname="chatgpt.tests.PaymentMethodTest" time="0.0"/>
  <testcase name="testEmptyExpiryDateThrowsException" classname="chatgpt.tests.PaymentMethodTest" time="0.0"/>
  <testcase name="testNullAuthTokenThrowsException" classname="chatgpt.tests.PaymentMethodTest" time="0.0"/>
  <testcase name="testNullCardHolderNameThrowsException" classname="chatgpt.tests.PaymentMethodTest" time="0.0"/>
  <testcase name="testNullCardNumberThrowsException" classname="chatgpt.tests.PaymentMethodTest" time="0.001"/>
  <testcase name="testNullCvvThrowsException" classname="chatgpt.tests.PaymentMethodTest" time="0.0"/>
  <testcase name="testNullEmailThrowsException" classname="chatgpt.tests.PaymentMethodTest" time="0.001"/>
  <testcase name="testNullExpiryDateThrowsException" classname="chatgpt.tests.PaymentMethodTest" time="0.0"/>
  <testcase name="testValidCreditCardPaymentMethod" classname="chatgpt.tests.PaymentMethodTest" time="0.011"/>
  <testcase name="testValidPayPalPaymentMethod" classname="chatgpt.tests.PaymentMethodTest" time="0.0"/>
  <testcase name="testEmptyProductID" classname="chatgpt.tests.ProductTest" time="0.001"/>
  <testcase name="testInvalidProductID" classname="chatgpt.tests.ProductTest" time="0.0"/>
  <testcase name="testNegativePrice" classname="chatgpt.tests.ProductTest" time="0.0"/>
  <testcase name="testNegativeQuantity" classname="chatgpt.tests.ProductTest" time="0.001"/>
  <testcase name="testProductCreation" classname="chatgpt.tests.ProductTest" time="0.0"/>
  <testcase name="testSetInvalidQuantity" classname="chatgpt.tests.ProductTest" time="0.001"/>
  <testcase name="testSetQuantity" classname="chatgpt.tests.ProductTest" time="0.0"/>
  <testcase name="testZeroQuantity" classname="chatgpt.tests.ProductTest" time="0.0"/>
  <testcase name="testEmptyCityThrowsException" classname="chatgpt.tests.ShippingAddressTest" time="0.001"/>
  <testcase name="testEmptyCountryThrowsException" classname="chatgpt.tests.ShippingAddressTest" time="0.0"/>
  <testcase name="testEmptyCustomerNameThrowsException" classname="chatgpt.tests.ShippingAddressTest" time="0.0"/>
  <testcase name="testEmptyPostalCodeThrowsException" classname="chatgpt.tests.ShippingAddressTest" time="0.0"/>
  <testcase name="testEmptyStreetThrowsException" classname="chatgpt.tests.ShippingAddressTest" time="0.0"/>
  <testcase name="testNullCityThrowsException" classname="chatgpt.tests.ShippingAddressTest" time="0.001"/>
  <testcase name="testNullCountryThrowsException" classname="chatgpt.tests.ShippingAddressTest" time="0.0"/>
  <testcase name="testNullCustomerNameThrowsException" classname="chatgpt.tests.ShippingAddressTest" time="0.0"/>
  <testcase name="testNullPostalCodeThrowsException" classname="chatgpt.tests.ShippingAddressTest" time="0.0"/>
  <testcase name="testNullStreetThrowsException" classname="chatgpt.tests.ShippingAddressTest" time="0.0"/>
  <testcase name="testValidShippingAddress" classname="chatgpt.tests.ShippingAddressTest" time="0.0"/>
  <testcase name="testAddProductsToShoppingCart" classname="chatgpt.tests.ShoppingCartSystemAcceptanceTest" time="0.005"/>
  <testcase name="testChangeQuantityOfProduct" classname="chatgpt.tests.ShoppingCartSystemAcceptanceTest" time="0.0"/>
  <testcase name="testProcessPayment" classname="chatgpt.tests.ShoppingCartSystemAcceptanceTest" time="0.0"/>
  <testcase name="testRemoveProductFromShoppingCart" classname="chatgpt.tests.ShoppingCartSystemAcceptanceTest" time="0.0"/>
  <testcase name="testSelectCreditCard" classname="chatgpt.tests.ShoppingCartSystemAcceptanceTest" time="0.0"/>
  <testcase name="testSelectPayPal" classname="chatgpt.tests.ShoppingCartSystemAcceptanceTest" time="0.0"/>
  <testcase name="testSelectShippingAddress" classname="chatgpt.tests.ShoppingCartSystemAcceptanceTest" time="0.0"/>
  <testcase name="testAddEmptyProductName" classname="chatgpt.tests.ShoppingCartSystemTest" time="0.001"/>
  <testcase name="testAddNegativeQuantity" classname="chatgpt.tests.ShoppingCartSystemTest" time="0.001"/>
  <testcase name="testAddNullProductName" classname="chatgpt.tests.ShoppingCartSystemTest" time="0.0"/>
  <testcase name="testAddSameProductTwice" classname="chatgpt.tests.ShoppingCartSystemTest" time="0.005"/>
  <testcase name="testAddZeroQuantity" classname="chatgpt.tests.ShoppingCartSystemTest" time="0.001"/>
  <testcase name="testChangeQuantityToNegative" classname="chatgpt.tests.ShoppingCartSystemTest" time="0.001"/>
  <testcase name="testChangeQuantityToZero" classname="chatgpt.tests.ShoppingCartSystemTest" time="0.0"/>
  <testcase name="testChangeQuantityWithEmptyName" classname="chatgpt.tests.ShoppingCartSystemTest" time="0.0"/>
  <testcase name="testChangeQuantityWithNullName" classname="chatgpt.tests.ShoppingCartSystemTest" time="0.0"/>
  <testcase name="testChangeShippingAddress" classname="chatgpt.tests.ShoppingCartSystemTest" time="0.001"/>
  <testcase name="testChangedProductAvailability" classname="chatgpt.tests.ShoppingCartSystemTest" time="0.015"/>
  <testcase name="testChangedProductNotInStockException" classname="chatgpt.tests.ShoppingCartSystemTest" time="0.002"/>
  <testcase name="testFailToRemoveProductFromCart" classname="chatgpt.tests.ShoppingCartSystemTest" time="0.0"/>
  <testcase name="testGetTotalCost" classname="chatgpt.tests.ShoppingCartSystemTest" time="0.0"/>
  <testcase name="testGetTotalCostWithNoProducts" classname="chatgpt.tests.ShoppingCartSystemTest" time="0.0"/>
  <testcase name="testMergedProductNotInStockException" classname="chatgpt.tests.ShoppingCartSystemTest" time="0.002"/>
  <testcase name="testPriceQuery" classname="chatgpt.tests.ShoppingCartSystemTest" time="0.0"/>
  <testcase name="testProcessPayment" classname="chatgpt.tests.ShoppingCartSystemTest" time="0.005"/>
  <testcase name="testProductAvailability" classname="chatgpt.tests.ShoppingCartSystemTest" time="0.001"/>
  <testcase name="testProductNotInStockException" classname="chatgpt.tests.ShoppingCartSystemTest" time="0.0"/>
  <testcase name="testRemoveProductWithEmptyName" classname="chatgpt.tests.ShoppingCartSystemTest" time="0.0"/>
  <testcase name="testRemoveProductWithNullName" classname="chatgpt.tests.ShoppingCartSystemTest" time="0.001"/>
  <testcase name="testSwitchPaymentMethod" classname="chatgpt.tests.ShoppingCartSystemTest" time="0.001"/>
  <testcase name="testAddProduct" classname="chatgpt.tests.ShoppingCartTest" time="0.0"/>
  <testcase name="testChangeQuantityOfProduct" classname="chatgpt.tests.ShoppingCartTest" time="0.003"/>
  <testcase name="testChangeQuantityToZeroRemovesProduct" classname="chatgpt.tests.ShoppingCartTest" time="0.0"/>
  <testcase name="testContainsProduct" classname="chatgpt.tests.ShoppingCartTest" time="0.0"/>
  <testcase name="testDoesNotContainProduct" classname="chatgpt.tests.ShoppingCartTest" time="0.0"/>
  <testcase name="testGetProductNotInCart" classname="chatgpt.tests.ShoppingCartTest" time="0.0"/>
  <testcase name="testGetTotalCost" classname="chatgpt.tests.ShoppingCartTest" time="0.0"/>
  <testcase name="testGetTotalCostWithNoProducts" classname="chatgpt.tests.ShoppingCartTest" time="0.0"/>
  <testcase name="testRemoveProduct" classname="chatgpt.tests.ShoppingCartTest" time="0.0"/>
  <testcase name="testEmptyAuthTokenThrowsException" classname="tests.PaymentMethodTest" time="0.002"/>
  <testcase name="testEmptyCardHolderNameThrowsException" classname="tests.PaymentMethodTest" time="0.001"/>
  <testcase name="testEmptyCardNumberThrowsException" classname="tests.PaymentMethodTest" time="0.001"/>
  <testcase name="testEmptyCvvThrowsException" classname="tests.PaymentMethodTest" time="0.0"/>
  <testcase name="testEmptyEmailThrowsException" classname="tests.PaymentMethodTest" time="0.0"/>
  <testcase name="testEmptyExpiryDateThrowsException" classname="tests.PaymentMethodTest" time="0.0"/>
  <testcase name="testNullAuthTokenThrowsException" classname="tests.PaymentMethodTest" time="0.0"/>
  <testcase name="testNullCardHolderNameThrowsException" classname="tests.PaymentMethodTest" time="0.001"/>
  <testcase name="testNullCardNumberThrowsException" classname="tests.PaymentMethodTest" time="0.0"/>
  <testcase name="testNullCvvThrowsException" classname="tests.PaymentMethodTest" time="0.0"/>
  <testcase name="testNullEmailThrowsException" classname="tests.PaymentMethodTest" time="0.0"/>
  <testcase name="testNullExpiryDateThrowsException" classname="tests.PaymentMethodTest" time="0.0"/>
  <testcase name="testValidCreditCardPaymentMethod" classname="tests.PaymentMethodTest" time="0.0"/>
  <testcase name="testValidPayPalPaymentMethod" classname="tests.PaymentMethodTest" time="0.0"/>
  <testcase name="testEmptyProductID" classname="tests.ProductTest" time="0.001"/>
  <testcase name="testInvalidProductID" classname="tests.ProductTest" time="0.0"/>
  <testcase name="testNegativePrice" classname="tests.ProductTest" time="0.001"/>
  <testcase name="testNegativeQuantity" classname="tests.ProductTest" time="0.0"/>
  <testcase name="testProductCreation" classname="tests.ProductTest" time="0.001"/>
  <testcase name="testSetInvalidQuantity" classname="tests.ProductTest" time="0.0"/>
  <testcase name="testSetQuantity" classname="tests.ProductTest" time="0.001"/>
  <testcase name="testZeroQuantity" classname="tests.ProductTest" time="0.0"/>
  <testcase name="testEmptyCityThrowsException" classname="tests.ShippingAddressTest" time="0.001"/>
  <testcase name="testEmptyCountryThrowsException" classname="tests.ShippingAddressTest" time="0.0"/>
  <testcase name="testEmptyCustomerNameThrowsException" classname="tests.ShippingAddressTest" time="0.0"/>
  <testcase name="testEmptyPostalCodeThrowsException" classname="tests.ShippingAddressTest" time="0.0"/>
  <testcase name="testEmptyStreetThrowsException" classname="tests.ShippingAddressTest" time="0.0"/>
  <testcase name="testNullCityThrowsException" classname="tests.ShippingAddressTest" time="0.001"/>
  <testcase name="testNullCountryThrowsException" classname="tests.ShippingAddressTest" time="0.0"/>
  <testcase name="testNullCustomerNameThrowsException" classname="tests.ShippingAddressTest" time="0.001"/>
  <testcase name="testNullPostalCodeThrowsException" classname="tests.ShippingAddressTest" time="0.0"/>
  <testcase name="testNullStreetThrowsException" classname="tests.ShippingAddressTest" time="0.0"/>
  <testcase name="testValidShippingAddress" classname="tests.ShippingAddressTest" time="0.0"/>
  <testcase name="testAddProductsToShoppingCart" classname="tests.ShoppingCartSystemAcceptanceTest" time="0.002"/>
  <testcase name="testChangeQuantityOfProduct" classname="tests.ShoppingCartSystemAcceptanceTest" time="0.0"/>
  <testcase name="testProcessPayment" classname="tests.ShoppingCartSystemAcceptanceTest" time="0.0"/>
  <testcase name="testRemoveProductFromShoppingCart" classname="tests.ShoppingCartSystemAcceptanceTest" time="0.0"/>
  <testcase name="testSelectCreditCard" classname="tests.ShoppingCartSystemAcceptanceTest" time="0.0"/>
  <testcase name="testSelectPayPal" classname="tests.ShoppingCartSystemAcceptanceTest" time="0.0"/>
  <testcase name="testSelectShippingAddress" classname="tests.ShoppingCartSystemAcceptanceTest" time="0.0"/>
  <testcase name="testAddEmptyProductName" classname="tests.ShoppingCartSystemTest" time="0.0"/>
  <testcase name="testAddNegativeQuantity" classname="tests.ShoppingCartSystemTest" time="0.0"/>
  <testcase name="testAddNullProductName" classname="tests.ShoppingCartSystemTest" time="0.0"/>
  <testcase name="testAddSameProductTwice" classname="tests.ShoppingCartSystemTest" time="0.0"/>
  <testcase name="testAddZeroQuantity" classname="tests.ShoppingCartSystemTest" time="0.001"/>
  <testcase name="testChangeQuantityToNegative" classname="tests.ShoppingCartSystemTest" time="0.0"/>
  <testcase name="testChangeQuantityToZero" classname="tests.ShoppingCartSystemTest" time="0.001"/>
  <testcase name="testChangeQuantityWithEmptyName" classname="tests.ShoppingCartSystemTest" time="0.0"/>
  <testcase name="testChangeQuantityWithNullName" classname="tests.ShoppingCartSystemTest" time="0.0"/>
  <testcase name="testChangeShippingAddress" classname="tests.ShoppingCartSystemTest" time="0.0"/>
  <testcase name="testChangedProductAvailability" classname="tests.ShoppingCartSystemTest" time="0.001"/>
  <testcase name="testChangedProductNotInStockException" classname="tests.ShoppingCartSystemTest" time="0.002"/>
  <testcase name="testFailToRemoveProductFromCart" classname="tests.ShoppingCartSystemTest" time="0.0"/>
  <testcase name="testGetTotalCost" classname="tests.ShoppingCartSystemTest" time="0.001"/>
  <testcase name="testGetTotalCostWithNoProducts" classname="tests.ShoppingCartSystemTest" time="0.0"/>
  <testcase name="testMergedProductNotInStockException" classname="tests.ShoppingCartSystemTest" time="0.001"/>
  <testcase name="testPriceQuery" classname="tests.ShoppingCartSystemTest" time="0.0"/>
  <testcase name="testProcessPayment" classname="tests.ShoppingCartSystemTest" time="0.003"/>
  <testcase name="testProductAvailability" classname="tests.ShoppingCartSystemTest" time="0.001"/>
  <testcase name="testProductNotInStockException" classname="tests.ShoppingCartSystemTest" time="0.001"/>
  <testcase name="testRemoveProductWithEmptyName" classname="tests.ShoppingCartSystemTest" time="0.0"/>
  <testcase name="testRemoveProductWithNullName" classname="tests.ShoppingCartSystemTest" time="0.0"/>
  <testcase name="testSwitchPaymentMethod" classname="tests.ShoppingCartSystemTest" time="0.0"/>
  <testcase name="testAddProduct" classname="tests.ShoppingCartTest" time="0.0"/>
  <testcase name="testChangeQuantityOfProduct" classname="tests.ShoppingCartTest" time="0.0"/>
  <testcase name="testChangeQuantityToZeroRemovesProduct" classname="tests.ShoppingCartTest" time="0.0"/>
  <testcase name="testContainsProduct" classname="tests.ShoppingCartTest" time="0.001"/>
  <testcase name="testDoesNotContainProduct" classname="tests.ShoppingCartTest" time="0.0"/>
  <testcase name="testGetProductNotInCart" classname="tests.ShoppingCartTest" time="0.0"/>
  <testcase name="testGetTotalCost" classname="tests.ShoppingCartTest" time="0.001"/>
  <testcase name="testGetTotalCostWithNoProducts" classname="tests.ShoppingCartTest" time="0.0"/>
  <testcase name="testRemoveProduct" classname="tests.ShoppingCartTest" time="0.0"/>
</testsuite>