<?xml version="1.0" encoding="UTF-8"?>
<!-- Generated by org.testng.reporters.JUnitReportReporter -->
<testsuite hostname="Hannas-HP" failures="0" tests="9" name="chatgpt.tests.ShoppingCartTest" time="0.003" errors="0" timestamp="2024-07-25T10:51:06 MESZ" skipped="0">
  <testcase classname="chatgpt.tests.ShoppingCartTest" name="testContainsProduct" time="0.000"/>
  <testcase classname="chatgpt.tests.ShoppingCartTest" name="testChangeQuantityToZeroRemovesProduct" time="0.000"/>
  <testcase classname="chatgpt.tests.ShoppingCartTest" name="testChangeQuantityOfProduct" time="0.003"/>
  <testcase classname="chatgpt.tests.ShoppingCartTest" name="testRemoveProduct" time="0.000"/>
  <testcase classname="chatgpt.tests.ShoppingCartTest" name="testDoesNotContainProduct" time="0.000"/>
  <testcase classname="chatgpt.tests.ShoppingCartTest" name="testGetTotalCostWithNoProducts" time="0.000"/>
  <testcase classname="chatgpt.tests.ShoppingCartTest" name="testAddProduct" time="0.000"/>
  <testcase classname="chatgpt.tests.ShoppingCartTest" name="testGetTotalCost" time="0.000"/>
  <testcase classname="chatgpt.tests.ShoppingCartTest" name="testGetProductNotInCart" time="0.000"/>
</testsuite> <!-- chatgpt.tests.ShoppingCartTest -->
