<?xml version="1.0" encoding="UTF-8"?>
<!-- Generated by org.testng.reporters.JUnitReportReporter -->
<testsuite hostname="Hannas-HP" failures="0" tests="23" name="chatgpt.tests.ShoppingCartSystemTest" time="0.976" errors="0" timestamp="2024-07-25T10:51:06 MESZ" skipped="0">
  <testcase classname="chatgpt.tests.ShoppingCartSystemTest" name="testFailToRemoveProductFromCart" time="0.002"/>
  <testcase classname="chatgpt.tests.ShoppingCartSystemTest" name="testChangeShippingAddress" time="0.001"/>
  <testcase classname="chatgpt.tests.ShoppingCartSystemTest" name="testAddSameProductTwice" time="0.007"/>
  <testcase classname="chatgpt.tests.ShoppingCartSystemTest" name="testProductAvailability" time="0.002"/>
  <testcase classname="chatgpt.tests.ShoppingCartSystemTest" name="testChangedProductNotInStockException" time="0.004"/>
  <testcase classname="chatgpt.tests.ShoppingCartSystemTest" name="testSwitchPaymentMethod" time="0.001"/>
  <testcase classname="chatgpt.tests.ShoppingCartSystemTest" name="testRemoveProductWithNullName" time="0.002"/>
  <testcase classname="chatgpt.tests.ShoppingCartSystemTest" name="testAddZeroQuantity" time="0.001"/>
  <testcase classname="chatgpt.tests.ShoppingCartSystemTest" name="testProcessPayment" time="0.006"/>
  <testcase classname="chatgpt.tests.ShoppingCartSystemTest" name="testRemoveProductWithEmptyName" time="0.002"/>
  <testcase classname="chatgpt.tests.ShoppingCartSystemTest" name="testGetTotalCostWithNoProducts" time="0.004"/>
  <testcase classname="chatgpt.tests.ShoppingCartSystemTest" name="testChangedProductAvailability" time="0.017"/>
  <testcase classname="chatgpt.tests.ShoppingCartSystemTest" name="testChangeQuantityWithNullName" time="0.004"/>
  <testcase classname="chatgpt.tests.ShoppingCartSystemTest" name="testChangeQuantityToZero" time="0.003"/>
  <testcase classname="chatgpt.tests.ShoppingCartSystemTest" name="testChangeQuantityWithEmptyName" time="0.002"/>
  <testcase classname="chatgpt.tests.ShoppingCartSystemTest" name="testGetTotalCost" time="0.002"/>
  <testcase classname="chatgpt.tests.ShoppingCartSystemTest" name="testMergedProductNotInStockException" time="0.004"/>
  <testcase classname="chatgpt.tests.ShoppingCartSystemTest" name="testAddNullProductName" time="0.002"/>
  <testcase classname="chatgpt.tests.ShoppingCartSystemTest" name="testPriceQuery" time="0.003"/>
  <testcase classname="chatgpt.tests.ShoppingCartSystemTest" name="testChangeQuantityToNegative" time="0.900"/>
  <testcase classname="chatgpt.tests.ShoppingCartSystemTest" name="testAddNegativeQuantity" time="0.001"/>
  <testcase classname="chatgpt.tests.ShoppingCartSystemTest" name="testProductNotInStockException" time="0.003"/>
  <testcase classname="chatgpt.tests.ShoppingCartSystemTest" name="testAddEmptyProductName" time="0.003"/>
</testsuite> <!-- chatgpt.tests.ShoppingCartSystemTest -->
