<?xml version="1.0" encoding="UTF-8"?>
<!-- Generated by org.testng.reporters.JUnitReportReporter -->
<testsuite hostname="Hannas-HP" failures="0" tests="8" name="chatgpt.tests.ProductTest" time="0.004" errors="0" timestamp="2024-07-25T10:51:06 MESZ" skipped="0">
  <testcase classname="chatgpt.tests.ProductTest" name="testNegativeQuantity" time="0.000"/>
  <testcase classname="chatgpt.tests.ProductTest" name="testSetInvalidQuantity" time="0.000"/>
  <testcase classname="chatgpt.tests.ProductTest" name="testProductCreation" time="0.000"/>
  <testcase classname="chatgpt.tests.ProductTest" name="testSetQuantity" time="0.000"/>
  <testcase classname="chatgpt.tests.ProductTest" name="testZeroQuantity" time="0.000"/>
  <testcase classname="chatgpt.tests.ProductTest" name="testNegativePrice" time="0.001"/>
  <testcase classname="chatgpt.tests.ProductTest" name="testInvalidProductID" time="0.001"/>
  <testcase classname="chatgpt.tests.ProductTest" name="testEmptyProductID" time="0.002"/>
</testsuite> <!-- chatgpt.tests.ProductTest -->
