<?xml version="1.0" encoding="UTF-8"?>
<!-- Generated by org.testng.reporters.JUnitReportReporter -->
<testsuite hostname="Hannas-HP" failures="0" tests="11" name="chatgpt.tests.ShippingAddressTest" time="0.001" errors="0" timestamp="2024-07-25T10:51:06 MESZ" skipped="0">
  <testcase classname="chatgpt.tests.ShippingAddressTest" name="testNullCountryThrowsException" time="0.000"/>
  <testcase classname="chatgpt.tests.ShippingAddressTest" name="testEmptyPostalCodeThrowsException" time="0.001"/>
  <testcase classname="chatgpt.tests.ShippingAddressTest" name="testNullPostalCodeThrowsException" time="0.000"/>
  <testcase classname="chatgpt.tests.ShippingAddressTest" name="testEmptyCustomerNameThrowsException" time="0.000"/>
  <testcase classname="chatgpt.tests.ShippingAddressTest" name="testValidShippingAddress" time="0.000"/>
  <testcase classname="chatgpt.tests.ShippingAddressTest" name="testNullCityThrowsException" time="0.000"/>
  <testcase classname="chatgpt.tests.ShippingAddressTest" name="testEmptyCityThrowsException" time="0.000"/>
  <testcase classname="chatgpt.tests.ShippingAddressTest" name="testEmptyStreetThrowsException" time="0.000"/>
  <testcase classname="chatgpt.tests.ShippingAddressTest" name="testNullCustomerNameThrowsException" time="0.000"/>
  <testcase classname="chatgpt.tests.ShippingAddressTest" name="testEmptyCountryThrowsException" time="0.000"/>
  <testcase classname="chatgpt.tests.ShippingAddressTest" name="testNullStreetThrowsException" time="0.000"/>
</testsuite> <!-- chatgpt.tests.ShippingAddressTest -->
