<?xml version="1.0" encoding="UTF-8"?>
<!-- Generated by org.testng.reporters.JUnitReportReporter -->
<testsuite hostname="Hannas-HP" failures="0" tests="14" name="tests.PaymentMethodTest" time="0.006" errors="0" timestamp="2024-07-25T10:51:06 MESZ" skipped="0">
  <testcase classname="tests.PaymentMethodTest" name="testEmptyEmailThrowsException" time="0.000"/>
  <testcase classname="tests.PaymentMethodTest" name="testNullExpiryDateThrowsException" time="0.001"/>
  <testcase classname="tests.PaymentMethodTest" name="testEmptyAuthTokenThrowsException" time="0.002"/>
  <testcase classname="tests.PaymentMethodTest" name="testValidCreditCardPaymentMethod" time="0.000"/>
  <testcase classname="tests.PaymentMethodTest" name="testEmptyCardHolderNameThrowsException" time="0.001"/>
  <testcase classname="tests.PaymentMethodTest" name="testNullAuthTokenThrowsException" time="0.001"/>
  <testcase classname="tests.PaymentMethodTest" name="testEmptyCvvThrowsException" time="0.000"/>
  <testcase classname="tests.PaymentMethodTest" name="testNullEmailThrowsException" time="0.000"/>
  <testcase classname="tests.PaymentMethodTest" name="testEmptyExpiryDateThrowsException" time="0.000"/>
  <testcase classname="tests.PaymentMethodTest" name="testNullCardNumberThrowsException" time="0.000"/>
  <testcase classname="tests.PaymentMethodTest" name="testNullCardHolderNameThrowsException" time="0.000"/>
  <testcase classname="tests.PaymentMethodTest" name="testNullCvvThrowsException" time="0.001"/>
  <testcase classname="tests.PaymentMethodTest" name="testValidPayPalPaymentMethod" time="0.000"/>
  <testcase classname="tests.PaymentMethodTest" name="testEmptyCardNumberThrowsException" time="0.000"/>
</testsuite> <!-- tests.PaymentMethodTest -->
