<?xml version="1.0" encoding="UTF-8"?>
<!-- Generated by org.testng.reporters.JUnitReportReporter -->
<testsuite hostname="Hannas-HP" failures="0" tests="7" name="tests.ShoppingCartSystemAcceptanceTest" time="0.008" errors="0" timestamp="2024-07-25T10:51:06 MESZ" skipped="0">
  <testcase classname="tests.ShoppingCartSystemAcceptanceTest" name="testSelectShippingAddress" time="0.001"/>
  <testcase classname="tests.ShoppingCartSystemAcceptanceTest" name="testChangeQuantityOfProduct" time="0.001"/>
  <testcase classname="tests.ShoppingCartSystemAcceptanceTest" name="testProcessPayment" time="0.001"/>
  <testcase classname="tests.ShoppingCartSystemAcceptanceTest" name="testSelectPayPal" time="0.001"/>
  <testcase classname="tests.ShoppingCartSystemAcceptanceTest" name="testAddProductsToShoppingCart" time="0.002"/>
  <testcase classname="tests.ShoppingCartSystemAcceptanceTest" name="testSelectCreditCard" time="0.001"/>
  <testcase classname="tests.ShoppingCartSystemAcceptanceTest" name="testRemoveProductFromShoppingCart" time="0.001"/>
</testsuite> <!-- tests.ShoppingCartSystemAcceptanceTest -->
